2025-12-04T18:11:40.156-03:00  INFO 6202 --- [tasklist] [Test worker] b.c.j.t.a.i.f.TaskFacadeIntegrationTest  : Starting TaskFacadeIntegrationTest v1.0.0-SNAPSHOT using Java 21.0.2 with PID 6202 (started by kaiostavares in /Users/kaiostavares/Dev/challenges/fullstack1/jtech-tasklist-backend)
2025-12-04T18:11:40.158-03:00 DEBUG 6202 --- [tasklist] [Test worker] b.c.j.t.a.i.f.TaskFacadeIntegrationTest  : Running with Spring Boot v3.5.5, Spring v6.2.10
2025-12-04T18:11:40.159-03:00  INFO 6202 --- [tasklist] [Test worker] b.c.j.t.a.i.f.TaskFacadeIntegrationTest  : The following 1 profile is active: "test"
2025-12-04T18:11:42.447-03:00  INFO 6202 --- [tasklist] [Test worker] .s.d.r.c.RepositoryConfigurationDelegate : Bootstrapping Spring Data JPA repositories in DEFAULT mode.
2025-12-04T18:11:42.547-03:00  INFO 6202 --- [tasklist] [Test worker] .s.d.r.c.RepositoryConfigurationDelegate : Finished Spring Data repository scanning in 56 ms. Found 2 JPA repository interfaces.
2025-12-04T18:11:43.581-03:00  INFO 6202 --- [tasklist] [Test worker] com.zaxxer.hikari.HikariDataSource       : HikariPool-1 - Starting...
2025-12-04T18:11:43.898-03:00  INFO 6202 --- [tasklist] [Test worker] com.zaxxer.hikari.pool.HikariPool        : HikariPool-1 - Added connection conn0: url=jdbc:h2:mem:testdb user=SA
2025-12-04T18:11:43.901-03:00  INFO 6202 --- [tasklist] [Test worker] com.zaxxer.hikari.HikariDataSource       : HikariPool-1 - Start completed.
2025-12-04T18:11:44.062-03:00  INFO 6202 --- [tasklist] [Test worker] org.flywaydb.core.FlywayExecutor         : Database: jdbc:h2:mem:testdb (H2 2.3)
2025-12-04T18:11:44.085-03:00  INFO 6202 --- [tasklist] [Test worker] o.f.c.i.s.JdbcTableSchemaHistory         : Schema history table "PUBLIC"."versions" does not exist yet
2025-12-04T18:11:44.086-03:00  INFO 6202 --- [tasklist] [Test worker] o.f.core.internal.command.DbValidate     : Successfully validated 0 migrations (execution time 00:00.008s)
2025-12-04T18:11:44.086-03:00  WARN 6202 --- [tasklist] [Test worker] o.f.core.internal.command.DbValidate     : No migrations found. Are your locations set up correctly?
2025-12-04T18:11:44.089-03:00  INFO 6202 --- [tasklist] [Test worker] org.flywaydb.core.Flyway                 : All configured schemas are empty; baseline operation skipped. A baseline or migration script with a lower version than the baseline version may execute if available. Check the Schemas parameter if this is not intended.
2025-12-04T18:11:44.095-03:00  INFO 6202 --- [tasklist] [Test worker] o.f.c.i.s.JdbcTableSchemaHistory         : Creating Schema History table "PUBLIC"."versions" ...
2025-12-04T18:11:44.194-03:00  INFO 6202 --- [tasklist] [Test worker] o.f.core.internal.command.DbMigrate      : Current version of schema "PUBLIC": << Empty Schema >>
2025-12-04T18:11:44.198-03:00  INFO 6202 --- [tasklist] [Test worker] o.f.core.internal.command.DbMigrate      : Schema "PUBLIC" is up to date. No migration necessary.
2025-12-04T18:11:44.285-03:00  INFO 6202 --- [tasklist] [Test worker] o.hibernate.jpa.internal.util.LogHelper  : HHH000204: Processing PersistenceUnitInfo [name: default]
2025-12-04T18:11:44.333-03:00  INFO 6202 --- [tasklist] [Test worker] org.hibernate.Version                    : HHH000412: Hibernate ORM core version 6.6.26.Final
2025-12-04T18:11:44.374-03:00  INFO 6202 --- [tasklist] [Test worker] o.h.c.internal.RegionFactoryInitiator    : HHH000026: Second-level cache disabled
2025-12-04T18:11:44.699-03:00  INFO 6202 --- [tasklist] [Test worker] o.s.o.j.p.SpringPersistenceUnitInfo      : No LoadTimeWeaver setup: ignoring JPA class transformer
2025-12-04T18:11:44.741-03:00  WARN 6202 --- [tasklist] [Test worker] org.hibernate.orm.deprecation            : HHH90000025: H2Dialect does not need to be specified explicitly using 'hibernate.dialect' (remove the property setting and it will be selected by default)
2025-12-04T18:11:44.750-03:00  INFO 6202 --- [tasklist] [Test worker] org.hibernate.orm.connections.pooling    : HHH10001005: Database info:
	Database JDBC URL [Connecting through datasource 'HikariDataSource (HikariPool-1)']
	Database driver: undefined/unknown
	Database version: 2.3.232
	Autocommit mode: undefined/unknown
	Isolation level: undefined/unknown
	Minimum pool size: undefined/unknown
	Maximum pool size: undefined/unknown
2025-12-04T18:11:45.918-03:00  INFO 6202 --- [tasklist] [Test worker] o.h.e.t.j.p.i.JtaPlatformInitiator       : HHH000489: No JTA platform available (set 'hibernate.transaction.jta.platform' to enable JTA platform integration)
2025-12-04T18:11:45.940-03:00  INFO 6202 --- [tasklist] [Test worker] j.LocalContainerEntityManagerFactoryBean : Initialized JPA EntityManagerFactory for persistence unit 'default'
2025-12-04T18:11:46.245-03:00  INFO 6202 --- [tasklist] [Test worker] o.s.d.j.r.query.QueryEnhancerFactory     : Hibernate is in classpath; If applicable, HQL parser will be used.
2025-12-04T18:11:48.175-03:00  WARN 6202 --- [tasklist] [Test worker] JpaBaseConfiguration$JpaWebConfiguration : spring.jpa.open-in-view is enabled by default. Therefore, database queries may be performed during view rendering. Explicitly configure spring.jpa.open-in-view to disable this warning
2025-12-04T18:11:49.042-03:00  INFO 6202 --- [tasklist] [Test worker] o.s.b.a.e.web.EndpointLinksResolver      : Exposing 15 endpoints beneath base path '/actuator'
2025-12-04T18:11:49.148-03:00  INFO 6202 --- [tasklist] [Test worker] b.c.j.t.a.i.f.TaskFacadeIntegrationTest  : Started TaskFacadeIntegrationTest in 9.987 seconds (process running for 11.893)
2025-12-04T18:11:49.213-03:00  INFO 6202 --- [tasklist] [Test worker] b.c.j.t.c.i.l.ReadyEventListener         : >>> Connector Ready
2025-12-04T18:11:49.213-03:00  INFO 6202 --- [tasklist] [Test worker] b.c.j.t.c.i.l.ReadyEventListener         : ======================================================
2025-12-04T18:11:49.213-03:00  INFO 6202 --- [tasklist] [Test worker] b.c.j.t.c.i.l.ReadyEventListener         : == Execute mode:.....................'LOCAL'
2025-12-04T18:11:49.213-03:00  INFO 6202 --- [tasklist] [Test worker] b.c.j.t.c.i.l.ReadyEventListener         : ======================================================
2025-12-04T18:11:50.175-03:00  INFO 6202 --- [tasklist] [Test worker] t.c.s.AnnotationConfigContextLoaderUtils : Could not detect default configuration classes for test class [br.com.jtech.tasklist.adapters.output.persistence.SoftDeleteAndAuditingTest]: SoftDeleteAndAuditingTest does not declare any static, non-private, non-final, nested classes annotated with @Configuration.
2025-12-04T18:11:50.185-03:00  INFO 6202 --- [tasklist] [Test worker] .b.t.c.SpringBootTestContextBootstrapper : Found @SpringBootConfiguration br.com.jtech.tasklist.StartTasklist for test class br.com.jtech.tasklist.adapters.output.persistence.SoftDeleteAndAuditingTest
2025-12-04T18:11:50.371-03:00  INFO 6202 --- [tasklist] [Test worker] t.c.s.AnnotationConfigContextLoaderUtils : Could not detect default configuration classes for test class [br.com.jtech.tasklist.adapters.output.persistence.TaskPersistenceIntegrationTest]: TaskPersistenceIntegrationTest does not declare any static, non-private, non-final, nested classes annotated with @Configuration.
2025-12-04T18:11:50.373-03:00  INFO 6202 --- [tasklist] [Test worker] .b.t.c.SpringBootTestContextBootstrapper : Found @SpringBootConfiguration br.com.jtech.tasklist.StartTasklist for test class br.com.jtech.tasklist.adapters.output.persistence.TaskPersistenceIntegrationTest
2025-12-04T18:11:51.570-03:00  INFO 6202 --- [tasklist] [SpringApplicationShutdownHook] j.LocalContainerEntityManagerFactoryBean : Closing JPA EntityManagerFactory for persistence unit 'default'
2025-12-04T18:11:51.572-03:00  INFO 6202 --- [tasklist] [SpringApplicationShutdownHook] com.zaxxer.hikari.HikariDataSource       : HikariPool-1 - Shutdown initiated...
2025-12-04T18:11:51.574-03:00  INFO 6202 --- [tasklist] [SpringApplicationShutdownHook] com.zaxxer.hikari.HikariDataSource       : HikariPool-1 - Shutdown completed.
2025-12-04T18:15:56.701-03:00  INFO 7178 --- [tasklist] [Test worker] b.c.j.t.a.i.f.TaskFacadeIntegrationTest  : Starting TaskFacadeIntegrationTest v1.0.0-SNAPSHOT using Java 21.0.2 with PID 7178 (started by kaiostavares in /Users/kaiostavares/Dev/challenges/fullstack1/jtech-tasklist-backend)
2025-12-04T18:15:56.704-03:00 DEBUG 7178 --- [tasklist] [Test worker] b.c.j.t.a.i.f.TaskFacadeIntegrationTest  : Running with Spring Boot v3.5.5, Spring v6.2.10
2025-12-04T18:15:56.705-03:00  INFO 7178 --- [tasklist] [Test worker] b.c.j.t.a.i.f.TaskFacadeIntegrationTest  : The following 1 profile is active: "test"
2025-12-04T18:15:59.435-03:00  INFO 7178 --- [tasklist] [Test worker] .s.d.r.c.RepositoryConfigurationDelegate : Bootstrapping Spring Data JPA repositories in DEFAULT mode.
2025-12-04T18:15:59.540-03:00  INFO 7178 --- [tasklist] [Test worker] .s.d.r.c.RepositoryConfigurationDelegate : Finished Spring Data repository scanning in 99 ms. Found 2 JPA repository interfaces.
2025-12-04T18:16:00.609-03:00  INFO 7178 --- [tasklist] [Test worker] com.zaxxer.hikari.HikariDataSource       : HikariPool-1 - Starting...
2025-12-04T18:16:00.959-03:00  INFO 7178 --- [tasklist] [Test worker] com.zaxxer.hikari.pool.HikariPool        : HikariPool-1 - Added connection conn0: url=jdbc:h2:mem:testdb user=SA
2025-12-04T18:16:00.961-03:00  INFO 7178 --- [tasklist] [Test worker] com.zaxxer.hikari.HikariDataSource       : HikariPool-1 - Start completed.
2025-12-04T18:16:01.081-03:00  INFO 7178 --- [tasklist] [Test worker] org.flywaydb.core.FlywayExecutor         : Database: jdbc:h2:mem:testdb (H2 2.3)
2025-12-04T18:16:01.121-03:00  INFO 7178 --- [tasklist] [Test worker] o.f.c.i.s.JdbcTableSchemaHistory         : Schema history table "PUBLIC"."versions" does not exist yet
2025-12-04T18:16:01.123-03:00  INFO 7178 --- [tasklist] [Test worker] o.f.core.internal.command.DbValidate     : Successfully validated 0 migrations (execution time 00:00.006s)
2025-12-04T18:16:01.123-03:00  WARN 7178 --- [tasklist] [Test worker] o.f.core.internal.command.DbValidate     : No migrations found. Are your locations set up correctly?
2025-12-04T18:16:01.160-03:00  INFO 7178 --- [tasklist] [Test worker] org.flywaydb.core.Flyway                 : All configured schemas are empty; baseline operation skipped. A baseline or migration script with a lower version than the baseline version may execute if available. Check the Schemas parameter if this is not intended.
2025-12-04T18:16:01.165-03:00  INFO 7178 --- [tasklist] [Test worker] o.f.c.i.s.JdbcTableSchemaHistory         : Creating Schema History table "PUBLIC"."versions" ...
2025-12-04T18:16:01.250-03:00  INFO 7178 --- [tasklist] [Test worker] o.f.core.internal.command.DbMigrate      : Current version of schema "PUBLIC": << Empty Schema >>
2025-12-04T18:16:01.259-03:00  INFO 7178 --- [tasklist] [Test worker] o.f.core.internal.command.DbMigrate      : Schema "PUBLIC" is up to date. No migration necessary.
2025-12-04T18:16:01.361-03:00  INFO 7178 --- [tasklist] [Test worker] o.hibernate.jpa.internal.util.LogHelper  : HHH000204: Processing PersistenceUnitInfo [name: default]
2025-12-04T18:16:01.419-03:00  INFO 7178 --- [tasklist] [Test worker] org.hibernate.Version                    : HHH000412: Hibernate ORM core version 6.6.26.Final
2025-12-04T18:16:01.445-03:00  INFO 7178 --- [tasklist] [Test worker] o.h.c.internal.RegionFactoryInitiator    : HHH000026: Second-level cache disabled
2025-12-04T18:16:01.757-03:00  INFO 7178 --- [tasklist] [Test worker] o.s.o.j.p.SpringPersistenceUnitInfo      : No LoadTimeWeaver setup: ignoring JPA class transformer
2025-12-04T18:16:01.789-03:00  WARN 7178 --- [tasklist] [Test worker] org.hibernate.orm.deprecation            : HHH90000025: H2Dialect does not need to be specified explicitly using 'hibernate.dialect' (remove the property setting and it will be selected by default)
2025-12-04T18:16:01.805-03:00  INFO 7178 --- [tasklist] [Test worker] org.hibernate.orm.connections.pooling    : HHH10001005: Database info:
	Database JDBC URL [Connecting through datasource 'HikariDataSource (HikariPool-1)']
	Database driver: undefined/unknown
	Database version: 2.3.232
	Autocommit mode: undefined/unknown
	Isolation level: undefined/unknown
	Minimum pool size: undefined/unknown
	Maximum pool size: undefined/unknown
2025-12-04T18:16:02.984-03:00  INFO 7178 --- [tasklist] [Test worker] o.h.e.t.j.p.i.JtaPlatformInitiator       : HHH000489: No JTA platform available (set 'hibernate.transaction.jta.platform' to enable JTA platform integration)
2025-12-04T18:16:03.002-03:00  INFO 7178 --- [tasklist] [Test worker] j.LocalContainerEntityManagerFactoryBean : Initialized JPA EntityManagerFactory for persistence unit 'default'
2025-12-04T18:16:03.301-03:00  INFO 7178 --- [tasklist] [Test worker] o.s.d.j.r.query.QueryEnhancerFactory     : Hibernate is in classpath; If applicable, HQL parser will be used.
2025-12-04T18:16:04.748-03:00  WARN 7178 --- [tasklist] [Test worker] JpaBaseConfiguration$JpaWebConfiguration : spring.jpa.open-in-view is enabled by default. Therefore, database queries may be performed during view rendering. Explicitly configure spring.jpa.open-in-view to disable this warning
2025-12-04T18:16:05.646-03:00  INFO 7178 --- [tasklist] [Test worker] o.s.b.a.e.web.EndpointLinksResolver      : Exposing 15 endpoints beneath base path '/actuator'
2025-12-04T18:16:05.837-03:00  INFO 7178 --- [tasklist] [Test worker] b.c.j.t.a.i.f.TaskFacadeIntegrationTest  : Started TaskFacadeIntegrationTest in 10.219 seconds (process running for 12.204)
2025-12-04T18:16:05.905-03:00  INFO 7178 --- [tasklist] [Test worker] b.c.j.t.c.i.l.ReadyEventListener         : >>> Connector Ready
2025-12-04T18:16:05.905-03:00  INFO 7178 --- [tasklist] [Test worker] b.c.j.t.c.i.l.ReadyEventListener         : ======================================================
2025-12-04T18:16:05.906-03:00  INFO 7178 --- [tasklist] [Test worker] b.c.j.t.c.i.l.ReadyEventListener         : == Execute mode:.....................'LOCAL'
2025-12-04T18:16:05.906-03:00  INFO 7178 --- [tasklist] [Test worker] b.c.j.t.c.i.l.ReadyEventListener         : ======================================================
2025-12-04T18:16:06.931-03:00  INFO 7178 --- [tasklist] [Test worker] t.c.s.AnnotationConfigContextLoaderUtils : Could not detect default configuration classes for test class [br.com.jtech.tasklist.adapters.output.persistence.SoftDeleteAndAuditingTest]: SoftDeleteAndAuditingTest does not declare any static, non-private, non-final, nested classes annotated with @Configuration.
2025-12-04T18:16:06.948-03:00  INFO 7178 --- [tasklist] [Test worker] .b.t.c.SpringBootTestContextBootstrapper : Found @SpringBootConfiguration br.com.jtech.tasklist.StartTasklist for test class br.com.jtech.tasklist.adapters.output.persistence.SoftDeleteAndAuditingTest
2025-12-04T18:16:07.120-03:00  INFO 7178 --- [tasklist] [Test worker] t.c.s.AnnotationConfigContextLoaderUtils : Could not detect default configuration classes for test class [br.com.jtech.tasklist.adapters.output.persistence.TaskPersistenceIntegrationTest]: TaskPersistenceIntegrationTest does not declare any static, non-private, non-final, nested classes annotated with @Configuration.
2025-12-04T18:16:07.121-03:00  INFO 7178 --- [tasklist] [Test worker] .b.t.c.SpringBootTestContextBootstrapper : Found @SpringBootConfiguration br.com.jtech.tasklist.StartTasklist for test class br.com.jtech.tasklist.adapters.output.persistence.TaskPersistenceIntegrationTest
2025-12-04T18:16:10.054-03:00  INFO 7178 --- [tasklist] [SpringApplicationShutdownHook] j.LocalContainerEntityManagerFactoryBean : Closing JPA EntityManagerFactory for persistence unit 'default'
2025-12-04T18:16:10.063-03:00  INFO 7178 --- [tasklist] [SpringApplicationShutdownHook] com.zaxxer.hikari.HikariDataSource       : HikariPool-1 - Shutdown initiated...
2025-12-04T18:16:10.066-03:00  INFO 7178 --- [tasklist] [SpringApplicationShutdownHook] com.zaxxer.hikari.HikariDataSource       : HikariPool-1 - Shutdown completed.
